<?xml version="1.0" encoding="UTF-8"?>
<testng-results ignored="0" total="1" passed="1" failed="0" skipped="0">
  <reporter-output>
  </reporter-output>
  <suite started-at="2023-06-19T15:07:12 IDT" name="Default suite" finished-at="2023-06-19T15:07:13 IDT" duration-ms="1548">
    <groups>
    </groups>
    <test started-at="2023-06-19T15:07:12 IDT" name="Default test" finished-at="2023-06-19T15:07:13 IDT" duration-ms="1548">
      <class name="jirarest.JiraTest">
        <test-method signature="addComment()[pri:0, instance:jirarest.JiraTest@3b6ddd1d]" started-at="2023-06-19T15:07:12 IDT" name="addComment" finished-at="2023-06-19T15:07:13 IDT" duration-ms="1519" status="PASS">
          <reporter-output>
          </reporter-output>
        </test-method> <!-- addComment -->
      </class> <!-- jirarest.JiraTest -->
    </test> <!-- Default test -->
  </suite> <!-- Default suite -->
</testng-results>
