<?xml version="1.0" encoding="UTF-8"?>
<testng-results ignored="0" total="3" passed="3" failed="0" skipped="0">
  <reporter-output>
  </reporter-output>
  <suite started-at="2023-06-15T10:41:17 IDT" name="Default suite" finished-at="2023-06-15T10:41:24 IDT" duration-ms="7004">
    <groups>
    </groups>
    <test started-at="2023-06-15T10:41:17 IDT" name="Default test" finished-at="2023-06-15T10:41:24 IDT" duration-ms="7004">
      <class name="files.DynamicJson">
        <test-method signature="addBook(java.lang.String,java.lang.String)[pri:0, instance:files.DynamicJson@7bd4937b]" started-at="2023-06-15T10:41:17 IDT" name="addBook" data-provider="BooksDataProvider" finished-at="2023-06-15T10:41:19 IDT" duration-ms="2862" status="PASS">
          <params>
            <param index="0">
              <value>
                <![CDATA[OmFWjTy3]]>
              </value>
            </param>
            <param index="1">
              <value>
                <![CDATA[9363]]>
              </value>
            </param>
          </params>
          <reporter-output>
          </reporter-output>
        </test-method> <!-- addBook -->
        <test-method signature="addBook(java.lang.String,java.lang.String)[pri:0, instance:files.DynamicJson@7bd4937b]" started-at="2023-06-15T10:41:19 IDT" name="addBook" data-provider="BooksDataProvider" finished-at="2023-06-15T10:41:22 IDT" duration-ms="2622" status="PASS">
          <params>
            <param index="0">
              <value>
                <![CDATA[adghjk3]]>
              </value>
            </param>
            <param index="1">
              <value>
                <![CDATA[9362]]>
              </value>
            </param>
          </params>
          <reporter-output>
          </reporter-output>
        </test-method> <!-- addBook -->
        <test-method signature="addBook(java.lang.String,java.lang.String)[pri:0, instance:files.DynamicJson@7bd4937b]" started-at="2023-06-15T10:41:22 IDT" name="addBook" data-provider="BooksDataProvider" finished-at="2023-06-15T10:41:24 IDT" duration-ms="1486" status="PASS">
          <params>
            <param index="0">
              <value>
                <![CDATA[WfGhA31]]>
              </value>
            </param>
            <param index="1">
              <value>
                <![CDATA[1354]]>
              </value>
            </param>
          </params>
          <reporter-output>
          </reporter-output>
        </test-method> <!-- addBook -->
      </class> <!-- files.DynamicJson -->
    </test> <!-- Default test -->
  </suite> <!-- Default suite -->
</testng-results>
